TN:
SF:src\App.jsx
FN:6,(anonymous_0)
FNF:1
FNH:0
FNDA:0,(anonymous_0)
DA:6,0
DA:7,0
LF:2
LH:0
BRF:0
BRH:0
end_of_record
TN:
SF:src\main.jsx
FNF:0
FNH:0
DA:6,0
LF:1
LH:0
BRF:0
BRH:0
end_of_record
TN:
SF:src\components\Calculator.jsx
FN:6,(anonymous_0)
FN:10,(anonymous_1)
FN:19,(anonymous_2)
FN:23,(anonymous_3)
FN:32,(anonymous_4)
FN:35,(anonymous_5)
FN:41,(anonymous_6)
FN:54,(anonymous_7)
FN:58,(anonymous_8)
FN:60,(anonymous_9)
FNF:10
FNH:9
FNDA:27,(anonymous_0)
FNDA:4,(anonymous_1)
FNDA:22,(anonymous_2)
FNDA:1,(anonymous_3)
FNDA:2,(anonymous_4)
FNDA:15,(anonymous_5)
FNDA:3,(anonymous_6)
FNDA:0,(anonymous_7)
FNDA:5,(anonymous_8)
FNDA:5,(anonymous_9)
DA:6,1
DA:7,27
DA:8,27
DA:10,27
DA:11,4
DA:12,4
DA:13,4
DA:15,0
DA:19,27
DA:20,22
DA:21,0
DA:22,22
DA:23,1
DA:24,1
DA:26,21
DA:27,4
DA:28,4
DA:29,17
DA:30,2
DA:31,2
DA:32,2
DA:35,15
DA:36,15
DA:41,27
DA:42,3
DA:43,3
DA:50,3
DA:51,3
DA:52,3
DA:53,3
DA:54,3
DA:58,27
DA:59,5
DA:60,5
DA:61,5
DA:65,27
LF:36
LH:34
BRDA:20,0,0,0
BRDA:20,0,1,22
BRDA:22,1,0,1
BRDA:22,1,1,21
BRDA:24,2,0,0
BRDA:24,2,1,1
BRDA:26,3,0,4
BRDA:26,3,1,17
BRDA:29,4,0,2
BRDA:29,4,1,15
BRDA:31,5,0,2
BRDA:31,5,1,0
BRDA:32,6,0,2
BRDA:32,6,1,0
BRDA:36,7,0,15
BRDA:36,7,1,0
BRDA:36,8,0,5
BRDA:36,8,1,10
BRDA:50,9,0,3
BRDA:50,9,1,0
BRF:20
BRH:14
end_of_record
TN:
SF:src\components\CalculatorButtons.jsx
FN:5,(anonymous_0)
FN:16,(anonymous_1)
FN:20,(anonymous_2)
FNF:3
FNH:3
FNDA:27,(anonymous_0)
FNDA:513,(anonymous_1)
FNDA:19,(anonymous_2)
DA:5,1
DA:6,27
DA:14,27
DA:17,513
DA:20,19
LF:5
LH:5
BRDA:19,0,0,4
BRDA:19,0,1,509
BRF:2
BRH:2
end_of_record
TN:
SF:src\components\CalculatorDisplay.jsx
FN:5,(anonymous_0)
FNF:1
FNH:1
FNDA:27,(anonymous_0)
DA:5,1
DA:6,27
LF:2
LH:2
BRF:0
BRH:0
end_of_record
TN:
SF:src\components\Title.jsx
FN:5,(anonymous_0)
FNF:1
FNH:0
FNDA:0,(anonymous_0)
DA:5,0
DA:6,0
LF:2
LH:0
BRF:0
BRH:0
end_of_record
TN:
SF:src\stories\CaculatorButtons.stories.jsx
FN:11,(anonymous_0)
FN:15,(anonymous_1)
FNF:2
FNH:0
FNDA:0,(anonymous_0)
FNDA:0,(anonymous_1)
DA:11,0
DA:13,0
DA:14,0
DA:15,0
LF:4
LH:0
BRF:0
BRH:0
end_of_record
TN:
SF:src\stories\Calculator.stories.jsx
FN:11,(anonymous_0)
FNF:1
FNH:0
FNDA:0,(anonymous_0)
DA:11,0
DA:13,0
DA:14,0
LF:3
LH:0
BRF:0
BRH:0
end_of_record
TN:
SF:src\stories\CalculatorDisplay.stories.jsx
FN:9,(anonymous_0)
FNF:1
FNH:0
FNDA:0,(anonymous_0)
DA:9,0
DA:11,0
DA:12,0
LF:3
LH:0
BRF:0
BRH:0
end_of_record
